25-03-12.08:34:46.116 [main            ] WARN  AnnotationConfigServletWebServerApplicationContext - Exception encountered during context initialization - cancelling refresh attempt: org.springframework.beans.factory.BeanDefinitionStoreException: Failed to parse configuration class [edu.szu.Application]; nested exception is java.io.FileNotFoundException: class path resource [edu/szu/querys/adapter/repository/IESUserRaffleOrderRepository.class] cannot be opened because it does not exist
25-03-12.08:34:46.154 [main            ] ERROR SpringApplication      - Application run failed
org.springframework.beans.factory.BeanDefinitionStoreException: Failed to parse configuration class [edu.szu.Application]; nested exception is java.io.FileNotFoundException: class path resource [edu/szu/querys/adapter/repository/IESUserRaffleOrderRepository.class] cannot be opened because it does not exist
	at org.springframework.context.annotation.ConfigurationClassParser.parse(ConfigurationClassParser.java:188)
	at org.springframework.context.annotation.ConfigurationClassPostProcessor.processConfigBeanDefinitions(ConfigurationClassPostProcessor.java:331)
	at org.springframework.context.annotation.ConfigurationClassPostProcessor.postProcessBeanDefinitionRegistry(ConfigurationClassPostProcessor.java:247)
	at org.springframework.context.support.PostProcessorRegistrationDelegate.invokeBeanDefinitionRegistryPostProcessors(PostProcessorRegistrationDelegate.java:311)
	at org.springframework.context.support.PostProcessorRegistrationDelegate.invokeBeanFactoryPostProcessors(PostProcessorRegistrationDelegate.java:112)
	at org.springframework.context.support.AbstractApplicationContext.invokeBeanFactoryPostProcessors(AbstractApplicationContext.java:748)
	at org.springframework.context.support.AbstractApplicationContext.refresh(AbstractApplicationContext.java:564)
	at org.springframework.boot.web.servlet.context.ServletWebServerApplicationContext.refresh(ServletWebServerApplicationContext.java:147)
	at org.springframework.boot.SpringApplication.refresh(SpringApplication.java:731)
	at org.springframework.boot.SpringApplication.refreshContext(SpringApplication.java:408)
	at org.springframework.boot.SpringApplication.run(SpringApplication.java:307)
	at org.springframework.boot.SpringApplication.run(SpringApplication.java:1303)
	at org.springframework.boot.SpringApplication.run(SpringApplication.java:1292)
	at edu.szu.Application.main(Application.java:19)
Caused by: java.io.FileNotFoundException: class path resource [edu/szu/querys/adapter/repository/IESUserRaffleOrderRepository.class] cannot be opened because it does not exist
	at org.springframework.core.io.ClassPathResource.getInputStream(ClassPathResource.java:199)
	at org.springframework.core.type.classreading.SimpleMetadataReader.getClassReader(SimpleMetadataReader.java:55)
	at org.springframework.core.type.classreading.SimpleMetadataReader.<init>(SimpleMetadataReader.java:48)
	at org.springframework.core.type.classreading.SimpleMetadataReaderFactory.getMetadataReader(SimpleMetadataReaderFactory.java:103)
	at org.springframework.boot.type.classreading.ConcurrentReferenceCachingMetadataReaderFactory.createMetadataReader(ConcurrentReferenceCachingMetadataReaderFactory.java:86)
	at org.springframework.boot.type.classreading.ConcurrentReferenceCachingMetadataReaderFactory.getMetadataReader(ConcurrentReferenceCachingMetadataReaderFactory.java:73)
	at org.springframework.core.type.classreading.SimpleMetadataReaderFactory.getMetadataReader(SimpleMetadataReaderFactory.java:81)
	at org.springframework.context.annotation.ConfigurationClassParser.asSourceClass(ConfigurationClassParser.java:696)
	at org.springframework.context.annotation.ConfigurationClassParser$SourceClass.getInterfaces(ConfigurationClassParser.java:1024)
	at org.springframework.context.annotation.ConfigurationClassParser.processInterfaces(ConfigurationClassParser.java:385)
	at org.springframework.context.annotation.ConfigurationClassParser.doProcessConfigurationClass(ConfigurationClassParser.java:331)
	at org.springframework.context.annotation.ConfigurationClassParser.processConfigurationClass(ConfigurationClassParser.java:249)
	at org.springframework.context.annotation.ConfigurationClassParser.parse(ConfigurationClassParser.java:198)
	at org.springframework.context.annotation.ConfigurationClassParser.doProcessConfigurationClass(ConfigurationClassParser.java:303)
	at org.springframework.context.annotation.ConfigurationClassParser.processConfigurationClass(ConfigurationClassParser.java:249)
	at org.springframework.context.annotation.ConfigurationClassParser.parse(ConfigurationClassParser.java:206)
	at org.springframework.context.annotation.ConfigurationClassParser.parse(ConfigurationClassParser.java:174)
	... 13 common frames omitted
25-03-12.08:37:43.732 [main            ] WARN  ClassPathMapperScanner - No MyBatis mapper was found in '[edu.szu.infrastructure.elasticsearch]' package. Please check your configuration.
25-03-12.08:37:43.734 [main            ] WARN  ClassPathMapperScanner - No MyBatis mapper was found in '[edu.szu.infrastructure.dao]' package. Please check your configuration.
25-03-12.08:37:46.317 [main            ] WARN  AnnotationConfigServletWebServerApplicationContext - Exception encountered during context initialization - cancelling refresh attempt: org.springframework.beans.factory.BeanCreationException: Error creating bean with name 'erpOperateController': Injection of resource dependencies failed; nested exception is org.springframework.beans.factory.NoSuchBeanDefinitionException: No qualifying bean of type 'edu.szu.querys.adapter.repository.IESUserRaffleOrderRepository' available: expected at least 1 bean which qualifies as autowire candidate. Dependency annotations: {@javax.annotation.Resource(shareable=true, lookup=, name=, description=, authenticationType=CONTAINER, type=class java.lang.Object, mappedName=)}
25-03-12.08:37:46.349 [main            ] ERROR LoggingFailureAnalysisReporter - 

***************************
APPLICATION FAILED TO START
***************************

Description:

A component required a bean of type 'edu.szu.querys.adapter.repository.IESUserRaffleOrderRepository' that could not be found.


Action:

Consider defining a bean of type 'edu.szu.querys.adapter.repository.IESUserRaffleOrderRepository' in your configuration.

25-03-12.08:38:01.160 [main            ] WARN  ClassPathMapperScanner - No MyBatis mapper was found in '[edu.szu.infrastructure.elasticsearch]' package. Please check your configuration.
25-03-12.08:38:01.162 [main            ] WARN  ClassPathMapperScanner - No MyBatis mapper was found in '[edu.szu.infrastructure.dao]' package. Please check your configuration.
25-03-12.08:38:04.040 [main            ] WARN  AnnotationConfigServletWebServerApplicationContext - Exception encountered during context initialization - cancelling refresh attempt: org.springframework.beans.factory.BeanCreationException: Error creating bean with name 'erpOperateController': Injection of resource dependencies failed; nested exception is org.springframework.beans.factory.NoSuchBeanDefinitionException: No qualifying bean of type 'edu.szu.querys.adapter.repository.IESUserRaffleOrderRepository' available: expected at least 1 bean which qualifies as autowire candidate. Dependency annotations: {@javax.annotation.Resource(shareable=true, lookup=, name=, description=, authenticationType=CONTAINER, type=class java.lang.Object, mappedName=)}
25-03-12.08:38:04.081 [main            ] ERROR LoggingFailureAnalysisReporter - 

***************************
APPLICATION FAILED TO START
***************************

Description:

A component required a bean of type 'edu.szu.querys.adapter.repository.IESUserRaffleOrderRepository' that could not be found.


Action:

Consider defining a bean of type 'edu.szu.querys.adapter.repository.IESUserRaffleOrderRepository' in your configuration.

25-03-12.08:39:12.303 [main            ] WARN  ClassPathMapperScanner - No MyBatis mapper was found in '[edu.szu.infrastructure.elasticsearch]' package. Please check your configuration.
25-03-12.08:39:12.305 [main            ] WARN  ClassPathMapperScanner - No MyBatis mapper was found in '[edu.szu.infrastructure.dao]' package. Please check your configuration.
25-03-12.08:39:14.457 [main            ] WARN  AnnotationConfigServletWebServerApplicationContext - Exception encountered during context initialization - cancelling refresh attempt: org.springframework.beans.factory.BeanCreationException: Error creating bean with name 'erpOperateController': Injection of resource dependencies failed; nested exception is org.springframework.beans.factory.NoSuchBeanDefinitionException: No qualifying bean of type 'edu.szu.querys.adapter.repository.IESUserRaffleOrderRepository' available: expected at least 1 bean which qualifies as autowire candidate. Dependency annotations: {@javax.annotation.Resource(shareable=true, lookup=, name=, description=, authenticationType=CONTAINER, type=class java.lang.Object, mappedName=)}
25-03-12.08:39:14.491 [main            ] ERROR LoggingFailureAnalysisReporter - 

***************************
APPLICATION FAILED TO START
***************************

Description:

A component required a bean of type 'edu.szu.querys.adapter.repository.IESUserRaffleOrderRepository' that could not be found.


Action:

Consider defining a bean of type 'edu.szu.querys.adapter.repository.IESUserRaffleOrderRepository' in your configuration.

25-03-12.08:39:49.225 [main            ] WARN  ClassPathMapperScanner - No MyBatis mapper was found in '[edu.szu.infrastructure.elasticsearch]' package. Please check your configuration.
25-03-12.08:39:49.226 [main            ] WARN  ClassPathMapperScanner - No MyBatis mapper was found in '[edu.szu.infrastructure.dao]' package. Please check your configuration.
25-03-12.08:39:51.394 [main            ] WARN  AnnotationConfigServletWebServerApplicationContext - Exception encountered during context initialization - cancelling refresh attempt: org.springframework.beans.factory.BeanCreationException: Error creating bean with name 'erpOperateController': Injection of resource dependencies failed; nested exception is org.springframework.beans.factory.NoSuchBeanDefinitionException: No qualifying bean of type 'edu.szu.querys.adapter.repository.IESUserRaffleOrderRepository' available: expected at least 1 bean which qualifies as autowire candidate. Dependency annotations: {@javax.annotation.Resource(shareable=true, lookup=, name=, description=, authenticationType=CONTAINER, type=class java.lang.Object, mappedName=)}
25-03-12.08:39:51.427 [main            ] ERROR LoggingFailureAnalysisReporter - 

***************************
APPLICATION FAILED TO START
***************************

Description:

A component required a bean of type 'edu.szu.querys.adapter.repository.IESUserRaffleOrderRepository' that could not be found.


Action:

Consider defining a bean of type 'edu.szu.querys.adapter.repository.IESUserRaffleOrderRepository' in your configuration.

25-03-12.08:40:54.459 [main            ] WARN  ClassPathMapperScanner - No MyBatis mapper was found in '[edu.szu.infrastructure.elasticsearch]' package. Please check your configuration.
25-03-12.08:40:54.460 [main            ] WARN  ClassPathMapperScanner - No MyBatis mapper was found in '[edu.szu.infrastructure.dao]' package. Please check your configuration.
25-03-12.08:40:56.563 [main            ] WARN  AnnotationConfigServletWebServerApplicationContext - Exception encountered during context initialization - cancelling refresh attempt: org.springframework.beans.factory.BeanCreationException: Error creating bean with name 'erpOperateController': Injection of resource dependencies failed; nested exception is org.springframework.beans.factory.NoSuchBeanDefinitionException: No qualifying bean of type 'edu.szu.querys.adapter.repository.IESUserRaffleOrderRepository' available: expected at least 1 bean which qualifies as autowire candidate. Dependency annotations: {@javax.annotation.Resource(shareable=true, lookup=, name=, description=, authenticationType=CONTAINER, type=class java.lang.Object, mappedName=)}
25-03-12.08:40:56.599 [main            ] ERROR LoggingFailureAnalysisReporter - 

***************************
APPLICATION FAILED TO START
***************************

Description:

A component required a bean of type 'edu.szu.querys.adapter.repository.IESUserRaffleOrderRepository' that could not be found.


Action:

Consider defining a bean of type 'edu.szu.querys.adapter.repository.IESUserRaffleOrderRepository' in your configuration.

